<?xml version="1.0" encoding="UTF-8"?>
<testsuite xmlns:xsi="http://www.w3.org/2001/XMLSchema-instance" xsi:noNamespaceSchemaLocation="https://maven.apache.org/surefire/maven-surefire-plugin/xsd/surefire-test-report-3.0.xsd" version="3.0" name="TestSuite" time="57.793" tests="6" errors="0" skipped="0" failures="1">
  <properties>
[...]
</properties>
  <testcase name="VarifyHomePageTitleTest" classname="com.guru.testcases.HomePageTest" time="0.012">
    <system-out><![CDATA[hrllo from getreportd() mrthodsafter]]></system-out>
    <system-err><![CDATA[Starting ChromeDriver 93.0.4577.15 (660fc11082ba57405eca2e8c49c3e1af756fbfae-refs/branch-heads/4577@{#203}) on port 14864
Only local connections are allowed.
Please see https://chromedriver.chromium.org/security-considerations for suggestions on keeping ChromeDriver safe.
ChromeDriver was started successfully.
[1634682287.533][WARNING]: This version of ChromeDriver has not been tested with Chrome version 94.
Oct 19, 2021 5:24:47 PM org.openqa.selenium.remote.ProtocolHandshake createSession
INFO: Detected dialect: W3C
Oct 19, 2021 5:24:53 PM com.guru.testcases.HomePageTest Setup
INFO: Success full login
]]></system-err>
  </testcase>
  <testcase name="NewToursTest" classname="com.guru.testcases.HomePageTest" time="1.345">
    <system-out><![CDATA[Welcome: Mercury Tours
]]></system-out>
    <system-err><![CDATA[Oct 19, 2021 5:24:54 PM com.guru.ExtentReport.Blistener onTestSuccess
INFO: suceffuly passed testcase: VarifyHomePageTitleTestin method: VarifyHomePageTitleTest
Starting ChromeDriver 93.0.4577.15 (660fc11082ba57405eca2e8c49c3e1af756fbfae-refs/branch-heads/4577@{#203}) on port 29343
Only local connections are allowed.
Please see https://chromedriver.chromium.org/security-considerations for suggestions on keeping ChromeDriver safe.
ChromeDriver was started successfully.
[1634682295.296][WARNING]: This version of ChromeDriver has not been tested with Chrome version 94.
Oct 19, 2021 5:24:55 PM org.openqa.selenium.remote.ProtocolHandshake createSession
INFO: Detected dialect: W3C
Oct 19, 2021 5:25:03 PM com.guru.testcases.HomePageTest Setup
INFO: Success full login
Oct 19, 2021 5:25:04 PM com.guru.testcases.HomePageTest NewToursTest
INFO: Successfull open NewTour Home page
]]></system-err>
  </testcase>
  <testcase name="LogoTest" classname="com.guru.testcases.LoginTest" time="0.096">
    <system-err><![CDATA[Oct 19, 2021 5:25:04 PM com.guru.ExtentReport.Blistener onTestSuccess
INFO: suceffuly passed testcase: NewToursTestin method: NewToursTest
Starting ChromeDriver 93.0.4577.15 (660fc11082ba57405eca2e8c49c3e1af756fbfae-refs/branch-heads/4577@{#203}) on port 22578
Only local connections are allowed.
Please see https://chromedriver.chromium.org/security-considerations for suggestions on keeping ChromeDriver safe.
ChromeDriver was started successfully.
[1634682308.096][WARNING]: This version of ChromeDriver has not been tested with Chrome version 94.
Oct 19, 2021 5:25:08 PM org.openqa.selenium.remote.ProtocolHandshake createSession
INFO: Detected dialect: W3C
Oct 19, 2021 5:25:11 PM com.guru.testcases.LoginTest LogoTest
INFO: Found correct logo
]]></system-err>
  </testcase>
  <testcase name="LoginPageTitleTest" classname="com.guru.testcases.LoginTest" time="0.016">
    <system-err><![CDATA[Oct 19, 2021 5:25:11 PM com.guru.ExtentReport.Blistener onTestSuccess
INFO: suceffuly passed testcase: LogoTestin method: LogoTest
Starting ChromeDriver 93.0.4577.15 (660fc11082ba57405eca2e8c49c3e1af756fbfae-refs/branch-heads/4577@{#203}) on port 9267
Only local connections are allowed.
Please see https://chromedriver.chromium.org/security-considerations for suggestions on keeping ChromeDriver safe.
ChromeDriver was started successfully.
[1634682313.263][WARNING]: This version of ChromeDriver has not been tested with Chrome version 94.
Oct 19, 2021 5:25:13 PM org.openqa.selenium.remote.ProtocolHandshake createSession
INFO: Detected dialect: W3C
Oct 19, 2021 5:25:15 PM com.guru.testcases.LoginTest LoginPageTitleTest
INFO: Expected tittle
]]></system-err>
  </testcase>
  <testcase name="ValidateTittleTest" classname="com.guru.testcases.NewToursTest" time="0.025">
    <failure message="expected [b] but found [a]" type="java.lang.AssertionError"><![CDATA[java.lang.AssertionError: expected [b] but found [a]
	at com.guru.testcases.NewToursTest.ValidateTittleTest(NewToursTest.java:39)
]]></failure>
    <system-out><![CDATA[Welcome: Mercury Tours
]]></system-out>
    <system-err><![CDATA[Oct 19, 2021 5:25:15 PM com.guru.ExtentReport.Blistener onTestSuccess
INFO: suceffuly passed testcase: LoginPageTitleTestin method: LoginPageTitleTest
Starting ChromeDriver 93.0.4577.15 (660fc11082ba57405eca2e8c49c3e1af756fbfae-refs/branch-heads/4577@{#203}) on port 9851
Only local connections are allowed.
Please see https://chromedriver.chromium.org/security-considerations for suggestions on keeping ChromeDriver safe.
ChromeDriver was started successfully.
[1634682317.548][WARNING]: This version of ChromeDriver has not been tested with Chrome version 94.
Oct 19, 2021 5:25:17 PM org.openqa.selenium.remote.ProtocolHandshake createSession
INFO: Detected dialect: W3C
]]></system-err>
  </testcase>
  <testcase name="AddContactTest" classname="com.guru.testcases.NewToursTest" time="1.286">
    <system-out><![CDATA[failed the execution
test case failed at :ValidateTittleTest
Welcome: Mercury Tours
Register: Mercury Tours
]]></system-out>
    <system-err><![CDATA[Oct 19, 2021 5:25:28 PM com.guru.ExtentReport.Blistener onTestFailure
INFO:  failed testcase: ValidateTittleTest
Starting ChromeDriver 93.0.4577.15 (660fc11082ba57405eca2e8c49c3e1af756fbfae-refs/branch-heads/4577@{#203}) on port 7778
Only local connections are allowed.
Please see https://chromedriver.chromium.org/security-considerations for suggestions on keeping ChromeDriver safe.
ChromeDriver was started successfully.
[1634682330.327][WARNING]: This version of ChromeDriver has not been tested with Chrome version 94.
Oct 19, 2021 5:25:30 PM org.openqa.selenium.remote.ProtocolHandshake createSession
INFO: Detected dialect: W3C
]]></system-err>
  </testcase>
</testsuite>