-------------------------------------------------------------------------------
Test set: TestSuite
-------------------------------------------------------------------------------
Tests run: 6, Failures: 1, Errors: 0, Skipped: 0, Time elapsed: 57.793 s <<< FAILURE! - in TestSuite
com.guru.testcases.NewToursTest.ValidateTittleTest  Time elapsed: 0.025 s  <<< FAILURE!
java.lang.AssertionError: expected [b] but found [a]
	at com.guru.testcases.NewToursTest.ValidateTittleTest(NewToursTest.java:39)

